2025-11-13 21:36:22,394 INFO o.a.j.u.JMeterUtils: Setting Locale to en_EN
2025-11-13 21:36:22,497 INFO o.a.j.JMeter: Loading user properties from: user.properties
2025-11-13 21:36:22,499 INFO o.a.j.JMeter: Loading system properties from: system.properties
2025-11-13 21:36:22,540 INFO o.a.j.JMeter: Copyright (c) 1998-2024 The Apache Software Foundation
2025-11-13 21:36:22,541 INFO o.a.j.JMeter: Version 5.6.3
2025-11-13 21:36:22,541 INFO o.a.j.JMeter: java.version=21.0.8
2025-11-13 21:36:22,542 INFO o.a.j.JMeter: java.vm.name=OpenJDK 64-Bit Server VM
2025-11-13 21:36:22,542 INFO o.a.j.JMeter: os.name=Linux
2025-11-13 21:36:22,542 INFO o.a.j.JMeter: os.arch=amd64
2025-11-13 21:36:22,542 INFO o.a.j.JMeter: os.version=5.15.167.4-microsoft-standard-WSL2
2025-11-13 21:36:22,543 INFO o.a.j.JMeter: file.encoding=UTF-8
2025-11-13 21:36:22,543 INFO o.a.j.JMeter: java.awt.headless=null
2025-11-13 21:36:22,544 INFO o.a.j.JMeter: Max memory     =1073741824
2025-11-13 21:36:22,544 INFO o.a.j.JMeter: Available Processors =8
2025-11-13 21:36:22,599 INFO o.a.j.JMeter: Default Locale=English (EN)
2025-11-13 21:36:22,600 INFO o.a.j.JMeter: JMeter  Locale=English (EN)
2025-11-13 21:36:22,600 INFO o.a.j.JMeter: JMeterHome=/home/benzo/demo-1/demo/apache-jmeter-5.6.3
2025-11-13 21:36:22,600 INFO o.a.j.JMeter: user.dir  =/home/benzo/demo-1/demo/apache-jmeter-5.6.3/bin
2025-11-13 21:36:22,601 INFO o.a.j.JMeter: PWD       =/home/benzo/demo-1/demo/apache-jmeter-5.6.3/bin
2025-11-13 21:36:22,603 INFO o.a.j.JMeter: IP: 127.0.1.1 Name: DESKTOP-QNH85J9 FullName: DESKTOP-QNH85J9.
2025-11-13 21:36:22,664 INFO o.a.j.JMeter: Loaded icon properties from org/apache/jmeter/images/icon.properties
2025-11-13 21:36:24,163 INFO o.a.j.JMeterGuiLauncher: Setting LAF to: com.github.weisj.darklaf.DarkLaf:com.github.weisj.darklaf.theme.DarculaTheme
2025-11-13 21:39:13,227 INFO o.a.j.p.h.s.HTTPSamplerBase: Parser for text/html is org.apache.jmeter.protocol.http.parser.LagartoBasedHtmlParser
2025-11-13 21:39:13,231 INFO o.a.j.p.h.s.HTTPSamplerBase: Parser for application/xhtml+xml is org.apache.jmeter.protocol.http.parser.LagartoBasedHtmlParser
2025-11-13 21:39:13,232 INFO o.a.j.p.h.s.HTTPSamplerBase: Parser for application/xml is org.apache.jmeter.protocol.http.parser.LagartoBasedHtmlParser
2025-11-13 21:39:13,232 INFO o.a.j.p.h.s.HTTPSamplerBase: Parser for text/xml is org.apache.jmeter.protocol.http.parser.LagartoBasedHtmlParser
2025-11-13 21:39:13,233 INFO o.a.j.p.h.s.HTTPSamplerBase: Parser for text/vnd.wap.wml is org.apache.jmeter.protocol.http.parser.RegexpHTMLParser
2025-11-13 21:39:13,233 INFO o.a.j.p.h.s.HTTPSamplerBase: Parser for text/css is org.apache.jmeter.protocol.http.parser.CssParser
2025-11-13 21:41:21,690 INFO o.a.j.s.SampleResult: Note: Sample TimeStamps are START times
2025-11-13 21:41:21,690 INFO o.a.j.s.SampleResult: sampleresult.default.encoding is set to UTF-8
2025-11-13 21:41:21,692 INFO o.a.j.s.SampleResult: sampleresult.useNanoTime=true
2025-11-13 21:41:21,693 INFO o.a.j.s.SampleResult: sampleresult.nanoThreadSleep=5000
2025-11-13 21:41:35,812 INFO o.a.j.s.FileServer: Default base='/home/benzo/demo-1/demo/apache-jmeter-5.6.3/bin'
2025-11-13 21:41:35,814 INFO o.a.j.s.FileServer: Set new base='/home/benzo/demo-1/demo/apache-jmeter-5.6.3/bin'
2025-11-13 21:41:36,964 INFO o.a.j.s.SaveService: Testplan (JMX) version: 2.2. Testlog (JTL) version: 2.2
2025-11-13 21:41:37,046 INFO o.a.j.s.SaveService: Using SaveService properties version 5.0
2025-11-13 21:41:37,073 INFO o.a.j.s.SaveService: Using SaveService properties file encoding UTF-8
2025-11-13 21:41:37,264 INFO o.a.j.e.StandardJMeterEngine: Running the test!
2025-11-13 21:41:37,267 INFO o.a.j.s.SampleEvent: List of sample_variables: []
2025-11-13 21:41:37,268 INFO o.a.j.s.SampleEvent: List of sample_variables: []
2025-11-13 21:41:37,284 INFO o.a.j.e.u.CompoundVariable: Note: Function class names must contain the string: '.functions.'
2025-11-13 21:41:37,284 INFO o.a.j.e.u.CompoundVariable: Note: Function class names must not contain the string: '.gui.'
2025-11-13 21:41:37,677 INFO o.a.j.g.u.JMeterMenuBar: setRunning(true, *local*)
2025-11-13 21:41:37,957 INFO o.a.j.e.StandardJMeterEngine: Starting ThreadGroup: 1 : Thread Group
2025-11-13 21:41:37,958 INFO o.a.j.e.StandardJMeterEngine: Starting 6 threads for group Thread Group.
2025-11-13 21:41:37,958 INFO o.a.j.e.StandardJMeterEngine: Thread will continue on error
2025-11-13 21:41:37,959 INFO o.a.j.t.ThreadGroup: Starting thread group... number=1 threads=6 ramp-up=1 delayedStart=false
2025-11-13 21:41:37,970 INFO o.a.j.t.JMeterThread: Thread started: Thread Group 1-1
2025-11-13 21:41:37,978 INFO o.a.j.t.ThreadGroup: Started thread group number 1
2025-11-13 21:41:37,979 INFO o.a.j.e.StandardJMeterEngine: All thread groups have been started
2025-11-13 21:41:38,053 INFO o.a.j.p.h.s.HTTPHCAbstractImpl: Local host = DESKTOP-QNH85J9
2025-11-13 21:41:38,089 INFO o.a.j.p.h.s.HTTPHC4Impl: HTTP request retry count = 0
2025-11-13 21:41:38,131 INFO o.a.j.t.JMeterThread: Thread started: Thread Group 1-2
2025-11-13 21:41:38,300 INFO o.a.j.t.JMeterThread: Thread started: Thread Group 1-3
2025-11-13 21:41:38,463 INFO o.a.j.t.JMeterThread: Thread started: Thread Group 1-4
2025-11-13 21:41:38,629 INFO o.a.j.t.JMeterThread: Thread started: Thread Group 1-5
2025-11-13 21:41:38,796 INFO o.a.j.t.JMeterThread: Thread started: Thread Group 1-6
2025-11-13 21:41:48,471 INFO o.a.j.t.JMeterThread: Thread is done: Thread Group 1-2
2025-11-13 21:41:48,471 INFO o.a.j.t.JMeterThread: Thread is done: Thread Group 1-1
2025-11-13 21:41:48,471 INFO o.a.j.t.JMeterThread: Thread is done: Thread Group 1-5
2025-11-13 21:41:48,472 INFO o.a.j.t.JMeterThread: Thread finished: Thread Group 1-2
2025-11-13 21:41:48,472 INFO o.a.j.t.JMeterThread: Thread is done: Thread Group 1-4
2025-11-13 21:41:48,471 INFO o.a.j.t.JMeterThread: Thread is done: Thread Group 1-6
2025-11-13 21:41:48,472 INFO o.a.j.t.JMeterThread: Thread finished: Thread Group 1-4
2025-11-13 21:41:48,472 INFO o.a.j.t.JMeterThread: Thread finished: Thread Group 1-6
2025-11-13 21:41:48,472 INFO o.a.j.t.JMeterThread: Thread finished: Thread Group 1-1
2025-11-13 21:41:48,472 INFO o.a.j.t.JMeterThread: Thread finished: Thread Group 1-5
2025-11-13 21:41:48,474 INFO o.a.j.t.JMeterThread: Thread is done: Thread Group 1-3
2025-11-13 21:41:48,475 INFO o.a.j.t.JMeterThread: Thread finished: Thread Group 1-3
2025-11-13 21:41:48,477 INFO o.a.j.e.StandardJMeterEngine: Notifying test listeners of end of test
2025-11-13 21:41:48,478 INFO o.a.j.g.u.JMeterMenuBar: setRunning(false, *local*)
2025-11-13 21:45:24,965 INFO o.a.j.e.StandardJMeterEngine: Running the test!
2025-11-13 21:45:24,967 INFO o.a.j.s.SampleEvent: List of sample_variables: []
2025-11-13 21:45:24,969 INFO o.a.j.g.u.JMeterMenuBar: setRunning(true, *local*)
2025-11-13 21:45:25,044 INFO o.a.j.e.StandardJMeterEngine: Starting ThreadGroup: 1 : Thread Group
2025-11-13 21:45:25,044 INFO o.a.j.e.StandardJMeterEngine: Starting 6 threads for group Thread Group.
2025-11-13 21:45:25,045 INFO o.a.j.e.StandardJMeterEngine: Thread will continue on error
2025-11-13 21:45:25,045 INFO o.a.j.t.ThreadGroup: Starting thread group... number=1 threads=6 ramp-up=1 delayedStart=false
2025-11-13 21:45:25,047 INFO o.a.j.t.JMeterThread: Thread started: Thread Group 1-1
2025-11-13 21:45:25,052 INFO o.a.j.t.ThreadGroup: Started thread group number 1
2025-11-13 21:45:25,053 INFO o.a.j.e.StandardJMeterEngine: All thread groups have been started
2025-11-13 21:45:25,219 INFO o.a.j.t.JMeterThread: Thread started: Thread Group 1-2
2025-11-13 21:45:25,380 INFO o.a.j.t.JMeterThread: Thread started: Thread Group 1-3
2025-11-13 21:45:25,548 INFO o.a.j.t.JMeterThread: Thread started: Thread Group 1-4
2025-11-13 21:45:25,715 INFO o.a.j.t.JMeterThread: Thread started: Thread Group 1-5
2025-11-13 21:45:25,883 INFO o.a.j.t.JMeterThread: Thread started: Thread Group 1-6
2025-11-13 21:45:34,900 INFO o.a.j.t.JMeterThread: Thread is done: Thread Group 1-4
2025-11-13 21:45:34,900 INFO o.a.j.t.JMeterThread: Thread is done: Thread Group 1-1
2025-11-13 21:45:34,900 INFO o.a.j.t.JMeterThread: Thread is done: Thread Group 1-2
2025-11-13 21:45:34,901 INFO o.a.j.t.JMeterThread: Thread finished: Thread Group 1-1
2025-11-13 21:45:34,900 INFO o.a.j.t.JMeterThread: Thread is done: Thread Group 1-5
2025-11-13 21:45:34,901 INFO o.a.j.t.JMeterThread: Thread finished: Thread Group 1-2
2025-11-13 21:45:34,900 INFO o.a.j.t.JMeterThread: Thread is done: Thread Group 1-6
2025-11-13 21:45:34,900 INFO o.a.j.t.JMeterThread: Thread is done: Thread Group 1-3
2025-11-13 21:45:34,901 INFO o.a.j.t.JMeterThread: Thread finished: Thread Group 1-5
2025-11-13 21:45:34,901 INFO o.a.j.t.JMeterThread: Thread finished: Thread Group 1-6
2025-11-13 21:45:34,900 INFO o.a.j.t.JMeterThread: Thread finished: Thread Group 1-4
2025-11-13 21:45:34,902 INFO o.a.j.t.JMeterThread: Thread finished: Thread Group 1-3
2025-11-13 21:45:34,902 INFO o.a.j.e.StandardJMeterEngine: Notifying test listeners of end of test
2025-11-13 21:45:34,903 INFO o.a.j.g.u.JMeterMenuBar: setRunning(false, *local*)
2025-11-13 22:04:05,645 INFO o.a.j.e.StandardJMeterEngine: Running the test!
2025-11-13 22:04:05,648 INFO o.a.j.s.SampleEvent: List of sample_variables: []
2025-11-13 22:04:05,649 INFO o.a.j.g.u.JMeterMenuBar: setRunning(true, *local*)
2025-11-13 22:04:05,777 INFO o.a.j.e.StandardJMeterEngine: Starting ThreadGroup: 1 : Thread Group
2025-11-13 22:04:05,778 INFO o.a.j.e.StandardJMeterEngine: Starting 5 threads for group Thread Group.
2025-11-13 22:04:05,778 INFO o.a.j.e.StandardJMeterEngine: Thread will continue on error
2025-11-13 22:04:05,778 INFO o.a.j.t.ThreadGroup: Starting thread group... number=1 threads=5 ramp-up=5 delayedStart=false
2025-11-13 22:04:05,781 INFO o.a.j.t.JMeterThread: Thread started: Thread Group 1-1
2025-11-13 22:04:05,785 INFO o.a.j.t.ThreadGroup: Started thread group number 1
2025-11-13 22:04:05,786 INFO o.a.j.e.StandardJMeterEngine: All thread groups have been started
2025-11-13 22:04:06,383 INFO o.a.j.p.h.s.h.LazyLayeredConnectionSocketFactory: Setting up HTTPS TrustAll Socket Factory
2025-11-13 22:04:06,396 INFO o.a.j.u.JsseSSLManager: Using default SSL protocol: TLS
2025-11-13 22:04:06,397 INFO o.a.j.u.JsseSSLManager: SSL session context: per-thread
2025-11-13 22:04:06,659 INFO o.a.j.u.SSLManager: JmeterKeyStore Location:  type JKS
2025-11-13 22:04:06,697 INFO o.a.j.u.SSLManager: KeyStore created OK
2025-11-13 22:04:06,697 WARN o.a.j.u.SSLManager: Keystore file not found, loading empty keystore
2025-11-13 22:04:06,782 INFO o.a.j.t.JMeterThread: Thread started: Thread Group 1-2
2025-11-13 22:04:07,600 INFO o.a.j.t.JMeterThread: Thread is done: Thread Group 1-1
2025-11-13 22:04:07,600 INFO o.a.j.t.JMeterThread: Thread is done: Thread Group 1-2
2025-11-13 22:04:07,600 INFO o.a.j.t.JMeterThread: Thread finished: Thread Group 1-1
2025-11-13 22:04:07,601 INFO o.a.j.t.JMeterThread: Thread finished: Thread Group 1-2
2025-11-13 22:04:07,785 INFO o.a.j.t.JMeterThread: Thread started: Thread Group 1-3
2025-11-13 22:04:07,984 INFO o.a.j.t.JMeterThread: Thread is done: Thread Group 1-3
2025-11-13 22:04:07,985 INFO o.a.j.t.JMeterThread: Thread finished: Thread Group 1-3
2025-11-13 22:04:08,782 INFO o.a.j.t.JMeterThread: Thread started: Thread Group 1-4
2025-11-13 22:04:08,984 INFO o.a.j.t.JMeterThread: Thread is done: Thread Group 1-4
2025-11-13 22:04:08,985 INFO o.a.j.t.JMeterThread: Thread finished: Thread Group 1-4
2025-11-13 22:04:09,782 INFO o.a.j.t.JMeterThread: Thread started: Thread Group 1-5
2025-11-13 22:04:10,014 INFO o.a.j.t.JMeterThread: Thread is done: Thread Group 1-5
2025-11-13 22:04:10,015 INFO o.a.j.t.JMeterThread: Thread finished: Thread Group 1-5
2025-11-13 22:04:10,018 INFO o.a.j.e.StandardJMeterEngine: Notifying test listeners of end of test
2025-11-13 22:04:10,019 INFO o.a.j.g.u.JMeterMenuBar: setRunning(false, *local*)
2025-11-13 22:04:55,557 INFO o.a.j.e.StandardJMeterEngine: Running the test!
2025-11-13 22:04:55,558 INFO o.a.j.s.SampleEvent: List of sample_variables: []
2025-11-13 22:04:55,560 INFO o.a.j.g.u.JMeterMenuBar: setRunning(true, *local*)
2025-11-13 22:04:57,542 INFO o.a.j.e.StandardJMeterEngine: Starting ThreadGroup: 1 : Thread Group
2025-11-13 22:04:57,544 INFO o.a.j.e.StandardJMeterEngine: Starting 5 threads for group Thread Group.
2025-11-13 22:04:57,544 INFO o.a.j.e.StandardJMeterEngine: Thread will continue on error
2025-11-13 22:04:57,545 INFO o.a.j.t.ThreadGroup: Starting thread group... number=1 threads=5 ramp-up=5 delayedStart=false
2025-11-13 22:04:57,547 INFO o.a.j.t.JMeterThread: Thread started: Thread Group 1-1
2025-11-13 22:04:57,552 INFO o.a.j.t.ThreadGroup: Started thread group number 1
2025-11-13 22:04:57,552 INFO o.a.j.e.StandardJMeterEngine: All thread groups have been started
2025-11-13 22:04:58,447 INFO o.a.j.t.JMeterThread: Thread is done: Thread Group 1-1
2025-11-13 22:04:58,448 INFO o.a.j.t.JMeterThread: Thread finished: Thread Group 1-1
2025-11-13 22:04:58,552 INFO o.a.j.t.JMeterThread: Thread started: Thread Group 1-2
2025-11-13 22:04:59,050 INFO o.a.j.t.JMeterThread: Thread is done: Thread Group 1-2
2025-11-13 22:04:59,051 INFO o.a.j.t.JMeterThread: Thread finished: Thread Group 1-2
2025-11-13 22:04:59,547 INFO o.a.j.t.JMeterThread: Thread started: Thread Group 1-3
2025-11-13 22:05:00,383 INFO o.a.j.t.JMeterThread: Thread is done: Thread Group 1-3
2025-11-13 22:05:00,384 INFO o.a.j.t.JMeterThread: Thread finished: Thread Group 1-3
2025-11-13 22:05:00,547 INFO o.a.j.t.JMeterThread: Thread started: Thread Group 1-4
2025-11-13 22:05:00,883 INFO o.a.j.t.JMeterThread: Thread is done: Thread Group 1-4
2025-11-13 22:05:00,885 INFO o.a.j.t.JMeterThread: Thread finished: Thread Group 1-4
2025-11-13 22:05:01,548 INFO o.a.j.t.JMeterThread: Thread started: Thread Group 1-5
2025-11-13 22:05:01,967 INFO o.a.j.t.JMeterThread: Thread is done: Thread Group 1-5
2025-11-13 22:05:01,968 INFO o.a.j.t.JMeterThread: Thread finished: Thread Group 1-5
2025-11-13 22:05:01,971 INFO o.a.j.e.StandardJMeterEngine: Notifying test listeners of end of test
2025-11-13 22:05:01,972 INFO o.a.j.g.u.JMeterMenuBar: setRunning(false, *local*)
2025-11-13 22:07:47,589 INFO o.a.j.e.StandardJMeterEngine: Running the test!
2025-11-13 22:07:47,591 INFO o.a.j.s.SampleEvent: List of sample_variables: []
2025-11-13 22:07:47,593 INFO o.a.j.g.u.JMeterMenuBar: setRunning(true, *local*)
2025-11-13 22:07:47,670 INFO o.a.j.e.StandardJMeterEngine: Starting ThreadGroup: 1 : Thread Group
2025-11-13 22:07:47,671 INFO o.a.j.e.StandardJMeterEngine: Starting 5 threads for group Thread Group.
2025-11-13 22:07:47,671 INFO o.a.j.e.StandardJMeterEngine: Thread will continue on error
2025-11-13 22:07:47,671 INFO o.a.j.t.ThreadGroup: Starting thread group... number=1 threads=5 ramp-up=5 delayedStart=false
2025-11-13 22:07:47,674 INFO o.a.j.t.JMeterThread: Thread started: Thread Group 1-1
2025-11-13 22:07:47,677 INFO o.a.j.t.ThreadGroup: Started thread group number 1
2025-11-13 22:07:47,677 INFO o.a.j.e.StandardJMeterEngine: All thread groups have been started
2025-11-13 22:07:47,878 INFO o.a.j.t.JMeterThread: Thread is done: Thread Group 1-1
2025-11-13 22:07:47,879 INFO o.a.j.t.JMeterThread: Thread finished: Thread Group 1-1
2025-11-13 22:07:48,673 INFO o.a.j.t.JMeterThread: Thread started: Thread Group 1-2
2025-11-13 22:07:48,821 INFO o.a.j.t.JMeterThread: Thread is done: Thread Group 1-2
2025-11-13 22:07:48,822 INFO o.a.j.t.JMeterThread: Thread finished: Thread Group 1-2
2025-11-13 22:07:49,672 INFO o.a.j.t.JMeterThread: Thread started: Thread Group 1-3
2025-11-13 22:07:49,862 INFO o.a.j.t.JMeterThread: Thread is done: Thread Group 1-3
2025-11-13 22:07:49,863 INFO o.a.j.t.JMeterThread: Thread finished: Thread Group 1-3
2025-11-13 22:07:50,673 INFO o.a.j.t.JMeterThread: Thread started: Thread Group 1-4
2025-11-13 22:07:50,893 INFO o.a.j.t.JMeterThread: Thread is done: Thread Group 1-4
2025-11-13 22:07:50,894 INFO o.a.j.t.JMeterThread: Thread finished: Thread Group 1-4
2025-11-13 22:07:51,672 INFO o.a.j.t.JMeterThread: Thread started: Thread Group 1-5
2025-11-13 22:07:51,888 INFO o.a.j.t.JMeterThread: Thread is done: Thread Group 1-5
2025-11-13 22:07:51,889 INFO o.a.j.t.JMeterThread: Thread finished: Thread Group 1-5
2025-11-13 22:07:51,891 INFO o.a.j.e.StandardJMeterEngine: Notifying test listeners of end of test
2025-11-13 22:07:51,892 INFO o.a.j.g.u.JMeterMenuBar: setRunning(false, *local*)
2025-11-13 22:10:00,612 INFO o.a.j.e.StandardJMeterEngine: Running the test!
2025-11-13 22:10:00,615 INFO o.a.j.s.SampleEvent: List of sample_variables: []
2025-11-13 22:10:00,618 INFO o.a.j.g.u.JMeterMenuBar: setRunning(true, *local*)
2025-11-13 22:10:00,984 INFO o.a.j.e.StandardJMeterEngine: Starting ThreadGroup: 1 : Thread Group
2025-11-13 22:10:00,985 INFO o.a.j.e.StandardJMeterEngine: Starting 7 threads for group Thread Group.
2025-11-13 22:10:00,985 INFO o.a.j.e.StandardJMeterEngine: Thread will continue on error
2025-11-13 22:10:00,985 INFO o.a.j.t.ThreadGroup: Starting thread group... number=1 threads=7 ramp-up=5 delayedStart=false
2025-11-13 22:10:00,989 INFO o.a.j.t.JMeterThread: Thread started: Thread Group 1-1
2025-11-13 22:10:01,000 INFO o.a.j.t.ThreadGroup: Started thread group number 1
2025-11-13 22:10:01,000 INFO o.a.j.e.StandardJMeterEngine: All thread groups have been started
2025-11-13 22:10:01,590 INFO o.a.j.t.JMeterThread: Thread is done: Thread Group 1-1
2025-11-13 22:10:01,591 INFO o.a.j.t.JMeterThread: Thread finished: Thread Group 1-1
2025-11-13 22:10:01,708 INFO o.a.j.t.JMeterThread: Thread started: Thread Group 1-2
2025-11-13 22:10:01,865 INFO o.a.j.t.JMeterThread: Thread is done: Thread Group 1-2
2025-11-13 22:10:01,866 INFO o.a.j.t.JMeterThread: Thread finished: Thread Group 1-2
2025-11-13 22:10:02,416 INFO o.a.j.t.JMeterThread: Thread started: Thread Group 1-3
2025-11-13 22:10:02,685 INFO o.a.j.t.JMeterThread: Thread is done: Thread Group 1-3
2025-11-13 22:10:02,686 INFO o.a.j.t.JMeterThread: Thread finished: Thread Group 1-3
2025-11-13 22:10:03,131 INFO o.a.j.t.JMeterThread: Thread started: Thread Group 1-4
2025-11-13 22:10:03,359 INFO o.a.j.t.JMeterThread: Thread is done: Thread Group 1-4
2025-11-13 22:10:03,359 INFO o.a.j.t.JMeterThread: Thread finished: Thread Group 1-4
2025-11-13 22:10:03,863 INFO o.a.j.t.JMeterThread: Thread started: Thread Group 1-5
2025-11-13 22:10:04,572 INFO o.a.j.t.JMeterThread: Thread started: Thread Group 1-6
2025-11-13 22:10:04,747 INFO o.a.j.t.JMeterThread: Thread is done: Thread Group 1-5
2025-11-13 22:10:04,748 INFO o.a.j.t.JMeterThread: Thread finished: Thread Group 1-5
2025-11-13 22:10:04,884 INFO o.a.j.t.JMeterThread: Thread is done: Thread Group 1-6
2025-11-13 22:10:04,886 INFO o.a.j.t.JMeterThread: Thread finished: Thread Group 1-6
2025-11-13 22:10:05,283 INFO o.a.j.t.JMeterThread: Thread started: Thread Group 1-7
2025-11-13 22:10:05,661 INFO o.a.j.t.JMeterThread: Thread is done: Thread Group 1-7
2025-11-13 22:10:05,669 INFO o.a.j.t.JMeterThread: Thread finished: Thread Group 1-7
2025-11-13 22:10:05,692 INFO o.a.j.e.StandardJMeterEngine: Notifying test listeners of end of test
2025-11-13 22:10:05,693 INFO o.a.j.g.u.JMeterMenuBar: setRunning(false, *local*)
2025-11-13 22:12:15,053 INFO o.a.j.s.FileServer: Set new base='/home/benzo/demo-1/demo/apache-jmeter-5.6.3/bin'
